{
  "RSpec": {
    "coverage": {
      "/Users/radhamesbrito/proyects/contact_center/kapiqua25/app/models/user.rb": [
        null,
        null,
        null,
        null,
        null,
        null,
        null,
        null,
        null,
        null,
        null,
        null,
        null,
        null,
        null,
        null,
        null,
        null,
        null,
        null,
        1,
        1,
        1,
        1,
        1,
        1,
        1,
        1,
        null,
        1,
        9,
        null,
        null,
        1,
        18,
        null,
        null,
        1,
        9,
        null,
        null
      ],
      "/Users/radhamesbrito/proyects/contact_center/kapiqua25/app/controllers/sessions_controller.rb": [
        null,
        1,
        1,
        null,
        null,
        1,
        9,
        9,
        9,
        9,
        9,
        null,
        0,
        0,
        null,
        null,
        null,
        1,
        1,
        null,
        null
      ],
      "/Users/radhamesbrito/proyects/contact_center/kapiqua25/app/controllers/application_controller.rb": [
        null,
        1,
        1,
        1,
        null,
        1,
        1,
        31,
        1,
        1,
        null,
        null,
        null,
        1,
        77,
        77,
        null,
        1,
        null,
        1,
        28,
        null,
        1,
        null
      ],
      "/Users/radhamesbrito/proyects/contact_center/kapiqua25/app/controllers/home_controller.rb": [
        null,
        1,
        1,
        null,
        null
      ],
      "/Users/radhamesbrito/proyects/contact_center/kapiqua25/app/models/client.rb": [
        null,
        null,
        null,
        null,
        null,
        null,
        null,
        null,
        null,
        null,
        null,
        null,
        null,
        null,
        null,
        null,
        null,
        null,
        1,
        1,
        1,
        1,
        1,
        1,
        1,
        null,
        1,
        0,
        null,
        null,
        0,
        null,
        null
      ],
      "/Users/radhamesbrito/proyects/contact_center/kapiqua25/app/models/phone.rb": [
        null,
        null,
        null,
        null,
        null,
        null,
        null,
        null,
        null,
        null,
        null,
        null,
        1,
        1,
        1,
        1,
        1,
        1,
        null,
        1,
        12,
        12,
        12,
        12,
        null,
        null,
        null,
        1,
        1,
        15,
        null,
        null
      ],
      "/Users/radhamesbrito/proyects/contact_center/kapiqua25/app/controllers/phones_controller.rb": [
        null,
        1,
        1,
        7,
        7,
        14,
        null,
        null,
        null,
        1,
        5,
        5,
        5,
        10,
        5,
        null,
        null,
        null
      ]
    },
    "timestamp": 1340985907
  }
}
