{
  "RSpec": {
    "coverage": {
      "/Users/radhamesbrito/proyects/contact_center/kapiqua25/app/models/client.rb": [
        null,
        null,
        null,
        null,
        null,
        null,
        null,
        null,
        null,
        null,
        null,
        null,
        null,
        null,
        null,
        null,
        null,
        null,
        1,
        1,
        1,
        1,
        1,
        1,
        1,
        null,
        1,
        0,
        null,
        null,
        0,
        null,
        null
      ],
      "/Users/radhamesbrito/proyects/contact_center/kapiqua25/app/models/phone.rb": [
        null,
        null,
        null,
        null,
        null,
        null,
        null,
        null,
        null,
        null,
        null,
        null,
        1,
        1,
        1,
        1,
        1,
        1,
        null,
        1,
        3,
        3,
        3,
        3,
        3,
        3,
        null,
        null,
        null,
        null,
        3,
        null,
        null,
        null,
        1,
        1,
        13,
        null,
        null
      ],
      "/Users/radhamesbrito/proyects/contact_center/kapiqua25/app/models/user.rb": [
        null,
        null,
        null,
        null,
        null,
        null,
        null,
        null,
        null,
        null,
        null,
        null,
        null,
        null,
        null,
        null,
        null,
        null,
        null,
        null,
        1,
        1,
        1,
        1,
        1,
        1,
        1,
        1,
        null,
        1,
        7,
        null,
        null,
        1,
        13,
        null,
        null,
        1,
        31,
        null,
        null
      ],
      "/Users/radhamesbrito/proyects/contact_center/kapiqua25/app/controllers/sessions_controller.rb": [
        null,
        1,
        1,
        null,
        null,
        1,
        7,
        7,
        7,
        7,
        7,
        null,
        0,
        0,
        null,
        null,
        null,
        1,
        1,
        null,
        null
      ],
      "/Users/radhamesbrito/proyects/contact_center/kapiqua25/app/controllers/application_controller.rb": [
        null,
        1,
        1,
        1,
        null,
        1,
        1,
        18,
        2,
        2,
        null,
        null,
        null,
        1,
        53,
        53,
        null,
        1,
        null,
        1,
        22,
        null,
        1,
        null
      ],
      "/Users/radhamesbrito/proyects/contact_center/kapiqua25/app/controllers/home_controller.rb": [
        null,
        1,
        1,
        null,
        null
      ],
      "/Users/radhamesbrito/proyects/contact_center/kapiqua25/app/controllers/phones_controller.rb": [
        null,
        1,
        1,
        2,
        2,
        4,
        null,
        null,
        null,
        1,
        1,
        1,
        1,
        2,
        1,
        null,
        null,
        null
      ]
    },
    "timestamp": 1340915916
  }
}
